# JRE version: OpenJDK Runtime Environment Microsoft-7208460 (11.0.18+10) (build 11.0.18+10-LTS)
# Java VM: OpenJDK 64-Bit Server VM Microsoft-7208460 (11.0.18+10-LTS, mixed mode, tiered, compressed oops, g1 gc, windows-amd64)
Heap:
 garbage-first heap   total 129024K, used 71993K [0x0000000080000000, 0x0000000100000000)
  region size 1024K, 4 young (4096K), 2 survivors (2048K)
 Metaspace       used 79790K, capacity 82183K, committed 82384K, reserved 587776K
  class space    used 10301K, capacity 11303K, committed 11392K, reserved 516096K
GC Heap History (20 events):
Event: 220.389 GC heap before
{Heap before GC invocations=12 (full 0):
 garbage-first heap   total 129024K, used 92408K [0x0000000080000000, 0x0000000100000000)
  region size 1024K, 66 young (67584K), 8 survivors (8192K)
 Metaspace       used 49493K, capacity 50890K, committed 51024K, reserved 561152K
  class space    used 6331K, capacity 6884K, committed 6912K, reserved 516096K
}
Event: 220.405 GC heap after
{Heap after GC invocations=13 (full 0):
 garbage-first heap   total 129024K, used 36342K [0x0000000080000000, 0x0000000100000000)
  region size 1024K, 7 young (7168K), 7 survivors (7168K)
 Metaspace       used 49493K, capacity 50890K, committed 51024K, reserved 561152K
  class space    used 6331K, capacity 6884K, committed 6912K, reserved 516096K
}
Event: 223.630 GC heap before
{Heap before GC invocations=13 (full 0):
 garbage-first heap   total 129024K, used 95734K [0x0000000080000000, 0x0000000100000000)
  region size 1024K, 65 young (66560K), 7 survivors (7168K)
 Metaspace       used 56704K, capacity 58172K, committed 58448K, reserved 567296K
  class space    used 7241K, capacity 7858K, committed 7936K, reserved 516096K
}
Event: 223.645 GC heap after
{Heap after GC invocations=14 (full 0):
 garbage-first heap   total 129024K, used 39943K [0x0000000080000000, 0x0000000100000000)
  region size 1024K, 7 young (7168K), 7 survivors (7168K)
 Metaspace       used 56704K, capacity 58172K, committed 58448K, reserved 567296K
  class space    used 7241K, capacity 7858K, committed 7936K, reserved 516096K
}
Event: 225.583 GC heap before
{Heap before GC invocations=14 (full 0):
 garbage-first heap   total 129024K, used 53255K [0x0000000080000000, 0x0000000100000000)
  region size 1024K, 19 young (19456K), 7 survivors (7168K)
 Metaspace       used 58514K, capacity 60108K, committed 60240K, reserved 569344K
  class space    used 7453K, capacity 8113K, committed 8192K, reserved 516096K
}
Event: 225.601 GC heap after
{Heap after GC invocations=15 (full 0):
 garbage-first heap   total 129024K, used 43990K [0x0000000080000000, 0x0000000100000000)
  region size 1024K, 6 young (6144K), 6 survivors (6144K)
 Metaspace       used 58514K, capacity 60108K, committed 60240K, reserved 569344K
  class space    used 7453K, capacity 8113K, committed 8192K, reserved 516096K
}
Event: 228.526 GC heap before
{Heap before GC invocations=16 (full 0):
 garbage-first heap   total 129024K, used 97238K [0x0000000080000000, 0x0000000100000000)
  region size 1024K, 54 young (55296K), 6 survivors (6144K)
 Metaspace       used 63829K, capacity 65531K, committed 65616K, reserved 573440K
  class space    used 8200K, capacity 8884K, committed 8960K, reserved 516096K
}
Event: 228.543 GC heap after
{Heap after GC invocations=17 (full 0):
 garbage-first heap   total 129024K, used 51742K [0x0000000080000000, 0x0000000100000000)
  region size 1024K, 6 young (6144K), 6 survivors (6144K)
 Metaspace       used 63829K, capacity 65531K, committed 65616K, reserved 573440K
  class space    used 8200K, capacity 8884K, committed 8960K, reserved 516096K
}
Event: 230.258 GC heap before
{Heap before GC invocations=17 (full 0):
 garbage-first heap   total 129024K, used 96798K [0x0000000080000000, 0x0000000100000000)
  region size 1024K, 50 young (51200K), 6 survivors (6144K)
 Metaspace       used 67403K, capacity 69236K, committed 69456K, reserved 577536K
  class space    used 8703K, capacity 9458K, committed 9472K, reserved 516096K
}
Event: 230.268 GC heap after
{Heap after GC invocations=18 (full 0):
 garbage-first heap   total 129024K, used 53592K [0x0000000080000000, 0x0000000100000000)
  region size 1024K, 6 young (6144K), 6 survivors (6144K)
 Metaspace       used 67403K, capacity 69236K, committed 69456K, reserved 577536K
  class space    used 8703K, capacity 9458K, committed 9472K, reserved 516096K
}
Event: 231.832 GC heap before
{Heap before GC invocations=18 (full 0):
 garbage-first heap   total 129024K, used 99672K [0x0000000080000000, 0x0000000100000000)
  region size 1024K, 51 young (52224K), 6 survivors (6144K)
 Metaspace       used 70977K, capacity 72764K, committed 73040K, reserved 579584K
  class space    used 9136K, capacity 9883K, committed 9984K, reserved 516096K
}
Event: 231.845 GC heap after
{Heap after GC invocations=19 (full 0):
 garbage-first heap   total 129024K, used 55654K [0x0000000080000000, 0x0000000100000000)
  region size 1024K, 4 young (4096K), 4 survivors (4096K)
 Metaspace       used 70977K, capacity 72764K, committed 73040K, reserved 579584K
  class space    used 9136K, capacity 9883K, committed 9984K, reserved 516096K
}
Event: 233.901 GC heap before
{Heap before GC invocations=19 (full 0):
 garbage-first heap   total 129024K, used 100710K [0x0000000080000000, 0x0000000100000000)
  region size 1024K, 49 young (50176K), 4 survivors (4096K)
 Metaspace       used 73627K, capacity 75648K, committed 75728K, reserved 581632K
  class space    used 9496K, capacity 10324K, committed 10368K, reserved 516096K
}
Event: 233.915 GC heap after
{Heap after GC invocations=20 (full 0):
 garbage-first heap   total 129024K, used 58933K [0x0000000080000000, 0x0000000100000000)
  region size 1024K, 6 young (6144K), 6 survivors (6144K)
 Metaspace       used 73627K, capacity 75648K, committed 75728K, reserved 581632K
  class space    used 9496K, capacity 10324K, committed 10368K, reserved 516096K
}
Event: 237.173 GC heap before
{Heap before GC invocations=20 (full 0):
 garbage-first heap   total 129024K, used 101941K [0x0000000080000000, 0x0000000100000000)
  region size 1024K, 49 young (50176K), 6 survivors (6144K)
 Metaspace       used 76708K, capacity 78928K, committed 79056K, reserved 585728K
  class space    used 9934K, capacity 10847K, committed 10880K, reserved 516096K
}
Event: 237.189 GC heap after
{Heap after GC invocations=21 (full 0):
 garbage-first heap   total 129024K, used 62952K [0x0000000080000000, 0x0000000100000000)
  region size 1024K, 7 young (7168K), 7 survivors (7168K)
 Metaspace       used 76708K, capacity 78928K, committed 79056K, reserved 585728K
  class space    used 9934K, capacity 10847K, committed 10880K, reserved 516096K
}
Event: 239.296 GC heap before
{Heap before GC invocations=21 (full 0):
 garbage-first heap   total 129024K, used 102888K [0x0000000080000000, 0x0000000100000000)
  region size 1024K, 47 young (48128K), 7 survivors (7168K)
 Metaspace       used 79472K, capacity 81835K, committed 82000K, reserved 587776K
  class space    used 10279K, capacity 11255K, committed 11264K, reserved 516096K
}
Event: 239.315 GC heap after
{Heap after GC invocations=22 (full 0):
 garbage-first heap   total 129024K, used 68514K [0x0000000080000000, 0x0000000100000000)
  region size 1024K, 6 young (6144K), 6 survivors (6144K)
 Metaspace       used 79472K, capacity 81835K, committed 82000K, reserved 587776K
  class space    used 10279K, capacity 11255K, committed 11264K, reserved 516096K
}
Event: 240.347 GC heap before
{Heap before GC invocations=22 (full 0):
 garbage-first heap   total 129024K, used 83874K [0x0000000080000000, 0x0000000100000000)
  region size 1024K, 22 young (22528K), 6 survivors (6144K)
 Metaspace       used 79712K, capacity 82071K, committed 82256K, reserved 587776K
  class space    used 10292K, capacity 11263K, committed 11264K, reserved 516096K
}
Event: 240.358 GC heap after
{Heap after GC invocations=23 (full 0):
 garbage-first heap   total 129024K, used 69945K [0x0000000080000000, 0x0000000100000000)
  region size 1024K, 2 young (2048K), 2 survivors (2048K)
 Metaspace       used 79712K, capacity 82071K, committed 82256K, reserved 587776K
  class space    used 10292K, capacity 11263K, committed 11264K, reserved 516096K
}

